<?xml version="1.0" encoding="UTF-8"?>
<testsuite xmlns:xsi="http://www.w3.org/2001/XMLSchema-instance" xsi:noNamespaceSchemaLocation="https://maven.apache.org/surefire/maven-surefire-plugin/xsd/surefire-test-report-3.0.xsd" version="3.0" name="study.mybatis.ParameterMapperTest" time="1.173" tests="1" errors="0" skipped="0" failures="0">
  <properties>
[...]
</properties>
  <testcase name="testGetAllUser" classname="study.mybatis.ParameterMapperTest" time="1.149">
    <system-out><![CDATA[DEBUG 01-06 15:13:25,597 ==>  Preparing: select * from t_user; (BaseJdbcLogger.java:137) 
DEBUG 01-06 15:13:25,632 ==> Parameters:  (BaseJdbcLogger.java:137) 
DEBUG 01-06 15:13:25,677 <==      Total: 3 (BaseJdbcLogger.java:137) 
User [id=2, username=老王, password=123456, age=23, sex=男, email=XXX@gmail.com]
User [id=3, username=admin, password=123456, age=23, sex=男, email=XXX@gmail.com]
User [id=4, username=admin, password=123456, age=23, sex=男, email=XXX@gmail.com]
]]></system-out>
  </testcase>
</testsuite>